Started at Thu Jan 21 09:41:00 UTC 2021
Processing firstjob
Offering firstjob to Project Build Discarder
Processing publishoverssh
Offering publishoverssh to Project Build Discarder
Finished at Thu Jan 21 09:41:00 UTC 2021. 656ms
Started at Thu Jan 21 10:40:59 UTC 2021
Processing firstjob
Offering firstjob to Project Build Discarder
Processing publishoverssh
Offering publishoverssh to Project Build Discarder
Finished at Thu Jan 21 10:40:59 UTC 2021. 95ms
Started at Thu Jan 21 12:39:22 UTC 2021
Processing firstjob
Offering firstjob to Project Build Discarder
Processing publishoverssh
Offering publishoverssh to Project Build Discarder
Finished at Thu Jan 21 12:39:22 UTC 2021. 29ms
Started at Thu Jan 21 14:19:26 UTC 2021
Processing firstjob
Offering firstjob to Project Build Discarder
Processing publishoverssh
Offering publishoverssh to Project Build Discarder
Finished at Thu Jan 21 14:19:26 UTC 2021. 172ms
Started at Thu Jan 21 15:45:19 UTC 2021
Processing firstjob
Offering firstjob to Project Build Discarder
Processing publishoverssh
Offering publishoverssh to Project Build Discarder
Finished at Thu Jan 21 15:45:20 UTC 2021. 152ms
Started at Thu Jan 21 16:45:20 UTC 2021
Processing firstjob
Offering firstjob to Project Build Discarder
Processing publishoverssh
Offering publishoverssh to Project Build Discarder
Finished at Thu Jan 21 16:45:21 UTC 2021. 1051ms
